

Microchip MPLAB XC8 Assembler V2.45 build 20230818022343 
                                                                                               Mon Dec 18 21:43:38 2023

Microchip MPLAB XC8 C Compiler v2.45 (Free license) build 20230818022343 Og1 
     1                           	processor	18F4520
     2                           	fnconf	rparam,??,?,0
     3                           	pagewidth 120
     4                           	opt	flic
     5                           	psect	cinit,global,reloc=2,class=CODE,delta=1
     6                           	psect	cstackCOMRAM,global,class=COMRAM,space=1,delta=1,lowdata,noexec
     7                           	psect	text0,global,reloc=2,class=CODE,delta=1
     8                           	psect	intcode,global,reloc=2,class=CODE,delta=1
     9                           	psect	intcode_body,global,reloc=2,class=CODE,delta=1
    10                           	psect	text2,global,reloc=2,class=CODE,delta=1,group=1
    11                           	psect	smallconst,global,reloc=2,class=SMALLCONST,delta=1,noexec
    12                           	psect	intsave_regs,global,class=BIGRAM,space=1,delta=1,noexec
    13                           	psect	rparam,global,class=COMRAM,space=1,delta=1,noexec
    14                           	psect	temp,global,ovrld,common,class=COMRAM,space=1,delta=1
    15                           	psect	idloc,global,abs,ovrld,class=IDLOC,space=5,delta=1,noexec
    16                           	psect	config,global,abs,ovrld,class=CONFIG,space=4,delta=1,noexec
    17   000000                     
    18                           ; Generated 18/08/2023 GMT
    19                           ; 
    20                           ; Copyright © 2023, Microchip Technology Inc. and its subsidiaries ("Microchip")
    21                           ; All rights reserved.
    22                           ; 
    23                           ; This software is developed by Microchip Technology Inc. and its subsidiaries ("Microch
      +                          ip").
    24                           ; 
    25                           ; Redistribution and use in source and binary forms, with or without modification, are
    26                           ; permitted provided that the following conditions are met:
    27                           ; 
    28                           ;     1. Redistributions of source code must retain the above copyright notice, this lis
      +                          t of
    29                           ;        conditions and the following disclaimer.
    30                           ; 
    31                           ;     2. Redistributions in binary form must reproduce the above copyright notice, this 
      +                          list
    32                           ;        of conditions and the following disclaimer in the documentation and/or other
    33                           ;        materials provided with the distribution. Publication is not required when
    34                           ;        this file is used in an embedded application.
    35                           ; 
    36                           ;     3. Microchip's name may not be used to endorse or promote products derived from th
      +                          is
    37                           ;        software without specific prior written permission.
    38                           ; 
    39                           ; THIS SOFTWARE IS PROVIDED BY MICROCHIP "AS IS" AND ANY EXPRESS OR IMPLIED WARRANTIES,
    40                           ; INCLUDING, BUT NOT LIMITED TO, THE IMPLIED WARRANTIES OF MERCHANTABILITY AND FITNESS F
      +                          OR
    41                           ; PURPOSE ARE DISCLAIMED.  IN NO EVENT SHALL MICROCHIP BE LIABLE FOR ANY DIRECT, INDIREC
      +                          T,
    42                           ; INCIDENTAL, SPECIAL, EXEMPLARY, OR CONSEQUENTIAL DAMAGES (INCLUDING BUT NOT LIMITED TO
    43                           ; PROCUREMENT OF SUBSTITUTE GOODS OR SERVICES; LOSS OF USE, DATA OR PROFITS; OR BUSINESS
    44                           ; INTERRUPTION) HOWSOEVER CAUSED AND ON ANY THEORY OF LIABILITY, WHETHER IN CONTRACT, ST
      +                          RICT
    45                           ; LIABILITY, OR TORT (INCLUDING NEGLIGENCE OR OTHERWISE) ARISING IN ANY WAY OUT OF THE U
      +                          SE OF
    46                           ; THIS SOFTWARE, EVEN IF ADVISED OF THE POSSIBILITY OF SUCH DAMAGE.
    47                           ; 
    48                           ; 
    49                           ; Code-generator required, PIC18F4520 Definitions
    50                           ; 
    51                           ; SFR Addresses
    52   000000                     _PIE1bits	set	3997
    53   000000                     _PIR1bits	set	3998
    54   000000                     _ADRESL	set	4035
    55   000000                     _ADRESH	set	4036
    56   000000                     _LATC	set	3979
    57   000000                     _INTCONbits	set	4082
    58   000000                     _OSCCONbits	set	4051
    59   000000                     _TRISAbits	set	3986
    60   000000                     _ADCON2bits	set	4032
    61   000000                     _ADCON1bits	set	4033
    62   000000                     _ADCON0bits	set	4034
    63   000000                     _TRISC	set	3988
    64                           
    65                           ; #config settings
    66                           
    67                           	psect	cinit
    68   00075E                     __pcinit:
    69                           	callstack 0
    70   00075E                     start_initialization:
    71                           	callstack 0
    72   00075E                     __initialization:
    73                           	callstack 0
    74   00075E                     end_of_initialization:
    75                           	callstack 0
    76   00075E                     __end_of__initialization:
    77                           	callstack 0
    78   00075E  900F               	bcf	int$flags,0,c	;clear compiler interrupt flag (level 1)
    79   000760  920F               	bcf	int$flags,1,c	;clear compiler interrupt flag (level 2)
    80   000762  0100               	movlb	0
    81   000764  EF8B  F003         	goto	_main	;jump to C main() function
    82                           
    83                           	psect	cstackCOMRAM
    84   000001                     __pcstackCOMRAM:
    85                           	callstack 0
    86   000001                     ?___awdiv:
    87                           	callstack 0
    88   000001                     ___awdiv@dividend:
    89                           	callstack 0
    90                           
    91                           ; 2 bytes @ 0x0
    92   000001                     	ds	2
    93   000003                     ___awdiv@divisor:
    94                           	callstack 0
    95                           
    96                           ; 2 bytes @ 0x2
    97   000003                     	ds	2
    98   000005                     ___awdiv@counter:
    99                           	callstack 0
   100                           
   101                           ; 1 bytes @ 0x4
   102   000005                     	ds	1
   103   000006                     ___awdiv@sign:
   104                           	callstack 0
   105                           
   106                           ; 1 bytes @ 0x5
   107   000006                     	ds	1
   108   000007                     ___awdiv@quotient:
   109                           	callstack 0
   110                           
   111                           ; 2 bytes @ 0x6
   112   000007                     	ds	2
   113   000009                     ??_H_ISR:
   114                           
   115                           ; 1 bytes @ 0x8
   116   000009                     	ds	4
   117   00000D                     H_ISR@value:
   118                           	callstack 0
   119                           
   120                           ; 2 bytes @ 0xC
   121   00000D                     	ds	2
   122   00000F                     
   123                           ; 1 bytes @ 0xE
   124 ;;
   125 ;;Main: autosize = 0, tempsize = 0, incstack = 0, save=0
   126 ;;
   127 ;; *************** function _main *****************
   128 ;; Defined at:
   129 ;;		line 39 in file "9-1.c"
   130 ;; Parameters:    Size  Location     Type
   131 ;;		None
   132 ;; Auto vars:     Size  Location     Type
   133 ;;		None
   134 ;; Return value:  Size  Location     Type
   135 ;;                  1    wreg      void 
   136 ;; Registers used:
   137 ;;		wreg, status,2
   138 ;; Tracked objects:
   139 ;;		On entry : 0/0
   140 ;;		On exit  : 0/0
   141 ;;		Unchanged: 0/0
   142 ;; Data sizes:     COMRAM   BANK0   BANK1   BANK2   BANK3   BANK4   BANK5
   143 ;;      Params:         0       0       0       0       0       0       0
   144 ;;      Locals:         0       0       0       0       0       0       0
   145 ;;      Temps:          0       0       0       0       0       0       0
   146 ;;      Totals:         0       0       0       0       0       0       0
   147 ;;Total ram usage:        0 bytes
   148 ;; Hardware stack levels required when called: 2
   149 ;; This function calls:
   150 ;;		Nothing
   151 ;; This function is called by:
   152 ;;		Startup code after reset
   153 ;; This function uses a non-reentrant model
   154 ;;
   155                           
   156                           	psect	text0
   157   000716                     __ptext0:
   158                           	callstack 0
   159   000716                     _main:
   160                           	callstack 29
   161   000716  50D3               	movf	211,w,c	;volatile
   162   000718  0B8F               	andlw	-113
   163   00071A  0940               	iorlw	64
   164   00071C  6ED3               	movwf	211,c	;volatile
   165   00071E  8092               	bsf	146,0,c	;volatile
   166   000720  98C1               	bcf	193,4,c	;volatile
   167   000722  9AC1               	bcf	193,5,c	;volatile
   168   000724  50C1               	movf	193,w,c	;volatile
   169   000726  0BF0               	andlw	-16
   170   000728  090E               	iorlw	14
   171   00072A  6EC1               	movwf	193,c	;volatile
   172   00072C  0EC3               	movlw	-61
   173   00072E  16C2               	andwf	194,f,c	;volatile
   174   000730  50C0               	movf	192,w,c	;volatile
   175   000732  0BF8               	andlw	-8
   176   000734  0904               	iorlw	4
   177   000736  6EC0               	movwf	192,c	;volatile
   178   000738  50C0               	movf	192,w,c	;volatile
   179   00073A  0BC7               	andlw	-57
   180   00073C  0910               	iorlw	16
   181   00073E  6EC0               	movwf	192,c	;volatile
   182   000740  80C2               	bsf	194,0,c	;volatile
   183   000742  9EC0               	bcf	192,7,c	;volatile
   184   000744  8C9D               	bsf	157,6,c	;volatile
   185   000746  9C9E               	bcf	158,6,c	;volatile
   186   000748  8CF2               	bsf	242,6,c	;volatile
   187   00074A  8EF2               	bsf	242,7,c	;volatile
   188   00074C  82C2               	bsf	194,1,c	;volatile
   189   00074E  0E00               	movlw	0
   190   000750  6E94               	movwf	148,c	;volatile
   191   000752  0E00               	movlw	0
   192   000754  6E8B               	movwf	139,c	;volatile
   193   000756                     l34:
   194   000756  EFAB  F003         	goto	l34
   195   00075A  EF07  F000         	goto	start
   196   00075E                     __end_of_main:
   197                           	callstack 0
   198                           
   199 ;; *************** function _H_ISR *****************
   200 ;; Defined at:
   201 ;;		line 16 in file "9-1.c"
   202 ;; Parameters:    Size  Location     Type
   203 ;;		None
   204 ;; Auto vars:     Size  Location     Type
   205 ;;  value           2   12[COMRAM] int 
   206 ;; Return value:  Size  Location     Type
   207 ;;                  1    wreg      void 
   208 ;; Registers used:
   209 ;;		wreg, status,2, status,0, cstack
   210 ;; Tracked objects:
   211 ;;		On entry : 0/0
   212 ;;		On exit  : 0/0
   213 ;;		Unchanged: 0/0
   214 ;; Data sizes:     COMRAM   BANK0   BANK1   BANK2   BANK3   BANK4   BANK5
   215 ;;      Params:         0       0       0       0       0       0       0
   216 ;;      Locals:         2       0       0       0       0       0       0
   217 ;;      Temps:          4       0       0       0       0       0       0
   218 ;;      Totals:         6       0       0       0       0       0       0
   219 ;;Total ram usage:        6 bytes
   220 ;; Hardware stack levels used: 1
   221 ;; Hardware stack levels required when called: 1
   222 ;; This function calls:
   223 ;;		___awdiv
   224 ;; This function is called by:
   225 ;;		Interrupt level 2
   226 ;; This function uses a non-reentrant model
   227 ;;
   228                           
   229                           	psect	intcode
   230   000008                     __pintcode:
   231                           	callstack 0
   232   000008                     _H_ISR:
   233                           	callstack 29
   234                           
   235                           ;incstack = 0
   236   000008  820F               	bsf	int$flags,1,c	;set compiler interrupt flag (level 2)
   237   00000A  ED63  F003         	call	int_func,f	;refresh shadow registers
   238                           
   239                           	psect	intcode_body
   240   0006C6                     __pintcode_body:
   241                           	callstack 29
   242   0006C6                     int_func:
   243                           	callstack 29
   244   0006C6  0006               	pop		; remove dummy address from shadow register refresh
   245   0006C8  CFC3 F009          	movff	4035,??_H_ISR	;volatile
   246   0006CC  0E06               	movlw	6
   247   0006CE  6E0A               	movwf	(??_H_ISR+1)^0,c
   248   0006D0                     i2u14_45:
   249   0006D0  90D8               	bcf	status,0,c
   250   0006D2  3209               	rrcf	??_H_ISR^0,f,c
   251   0006D4  2E0A               	decfsz	(??_H_ISR+1)^0,f,c
   252   0006D6  EF68  F003         	goto	i2u14_45
   253   0006DA  5009               	movf	??_H_ISR^0,w,c
   254   0006DC  CFC4 F00B          	movff	4036,??_H_ISR+2	;volatile
   255   0006E0  6A0C               	clrf	(??_H_ISR+3)^0,c
   256   0006E2  90D8               	bcf	status,0,c
   257   0006E4  360B               	rlcf	(??_H_ISR+2)^0,f,c
   258   0006E6  360C               	rlcf	(??_H_ISR+3)^0,f,c
   259   0006E8  90D8               	bcf	status,0,c
   260   0006EA  360B               	rlcf	(??_H_ISR+2)^0,f,c
   261   0006EC  360C               	rlcf	(??_H_ISR+3)^0,f,c
   262   0006EE  100B               	iorwf	(??_H_ISR+2)^0,w,c
   263   0006F0  6E0D               	movwf	H_ISR@value^0,c
   264   0006F2  500C               	movf	(??_H_ISR+3)^0,w,c
   265   0006F4  6E0E               	movwf	(H_ISR@value+1)^0,c
   266   0006F6  C00D  F001         	movff	H_ISR@value,___awdiv@dividend
   267   0006FA  C00E  F002         	movff	H_ISR@value+1,___awdiv@dividend+1
   268   0006FE  0E00               	movlw	0
   269   000700  6E04               	movwf	(___awdiv@divisor+1)^0,c
   270   000702  0E44               	movlw	68
   271   000704  6E03               	movwf	___awdiv@divisor^0,c
   272   000706  EC01  F003         	call	___awdiv	;wreg free
   273   00070A  5001               	movf	?___awdiv^0,w,c
   274   00070C  6E8B               	movwf	139,c	;volatile
   275   00070E  9C9E               	bcf	158,6,c	;volatile
   276   000710  82C2               	bsf	194,1,c	;volatile
   277   000712  920F               	bcf	int$flags,1,c	;clear compiler interrupt flag (level 2)
   278   000714  0011               	retfie		f
   279   000716                     __end_of_H_ISR:
   280                           	callstack 0
   281                           
   282 ;; *************** function ___awdiv *****************
   283 ;; Defined at:
   284 ;;		line 7 in file "C:\Program Files\Microchip\xc8\v2.45\pic\sources\c99\common\awdiv.c"
   285 ;; Parameters:    Size  Location     Type
   286 ;;  dividend        2    0[COMRAM] int 
   287 ;;  divisor         2    2[COMRAM] int 
   288 ;; Auto vars:     Size  Location     Type
   289 ;;  quotient        2    6[COMRAM] int 
   290 ;;  sign            1    5[COMRAM] unsigned char 
   291 ;;  counter         1    4[COMRAM] unsigned char 
   292 ;; Return value:  Size  Location     Type
   293 ;;                  2    0[COMRAM] int 
   294 ;; Registers used:
   295 ;;		wreg, status,2, status,0
   296 ;; Tracked objects:
   297 ;;		On entry : 0/0
   298 ;;		On exit  : 0/0
   299 ;;		Unchanged: 0/0
   300 ;; Data sizes:     COMRAM   BANK0   BANK1   BANK2   BANK3   BANK4   BANK5
   301 ;;      Params:         4       0       0       0       0       0       0
   302 ;;      Locals:         4       0       0       0       0       0       0
   303 ;;      Temps:          0       0       0       0       0       0       0
   304 ;;      Totals:         8       0       0       0       0       0       0
   305 ;;Total ram usage:        8 bytes
   306 ;; Hardware stack levels used: 1
   307 ;; This function calls:
   308 ;;		Nothing
   309 ;; This function is called by:
   310 ;;		_H_ISR
   311 ;; This function uses a non-reentrant model
   312 ;;
   313                           
   314                           	psect	text2
   315   000602                     __ptext2:
   316                           	callstack 0
   317   000602                     ___awdiv:
   318                           	callstack 29
   319   000602  0E00               	movlw	0
   320   000604  6E06               	movwf	___awdiv@sign^0,c
   321   000606  BE04               	btfsc	(___awdiv@divisor+1)^0,7,c
   322   000608  EF0A  F003         	goto	i2u8_40
   323   00060C  EF08  F003         	goto	i2u8_41
   324   000610                     i2u8_41:
   325   000610  EF10  F003         	goto	i2l797
   326   000614                     i2u8_40:
   327   000614  6C03               	negf	___awdiv@divisor^0,c
   328   000616  1E04               	comf	(___awdiv@divisor+1)^0,f,c
   329   000618  B0D8               	btfsc	status,0,c
   330   00061A  2A04               	incf	(___awdiv@divisor+1)^0,f,c
   331   00061C  0E01               	movlw	1
   332   00061E  6E06               	movwf	___awdiv@sign^0,c
   333   000620                     i2l797:
   334   000620  BE02               	btfsc	(___awdiv@dividend+1)^0,7,c
   335   000622  EF17  F003         	goto	i2u9_40
   336   000626  EF15  F003         	goto	i2u9_41
   337   00062A                     i2u9_41:
   338   00062A  EF1D  F003         	goto	i2l803
   339   00062E                     i2u9_40:
   340   00062E  6C01               	negf	___awdiv@dividend^0,c
   341   000630  1E02               	comf	(___awdiv@dividend+1)^0,f,c
   342   000632  B0D8               	btfsc	status,0,c
   343   000634  2A02               	incf	(___awdiv@dividend+1)^0,f,c
   344   000636  0E01               	movlw	1
   345   000638  1A06               	xorwf	___awdiv@sign^0,f,c
   346   00063A                     i2l803:
   347   00063A  0E00               	movlw	0
   348   00063C  6E08               	movwf	(___awdiv@quotient+1)^0,c
   349   00063E  0E00               	movlw	0
   350   000640  6E07               	movwf	___awdiv@quotient^0,c
   351   000642  5003               	movf	___awdiv@divisor^0,w,c
   352   000644  1004               	iorwf	(___awdiv@divisor+1)^0,w,c
   353   000646  B4D8               	btfsc	status,2,c
   354   000648  EF28  F003         	goto	i2u10_41
   355   00064C  EF2A  F003         	goto	i2u10_40
   356   000650                     i2u10_41:
   357   000650  EF52  F003         	goto	i2l825
   358   000654                     i2u10_40:
   359   000654  0E01               	movlw	1
   360   000656  6E05               	movwf	___awdiv@counter^0,c
   361   000658  EF32  F003         	goto	i2l811
   362   00065C                     i2l809:
   363   00065C  90D8               	bcf	status,0,c
   364   00065E  3603               	rlcf	___awdiv@divisor^0,f,c
   365   000660  3604               	rlcf	(___awdiv@divisor+1)^0,f,c
   366   000662  2A05               	incf	___awdiv@counter^0,f,c
   367   000664                     i2l811:
   368   000664  AE04               	btfss	(___awdiv@divisor+1)^0,7,c
   369   000666  EF37  F003         	goto	i2u11_41
   370   00066A  EF39  F003         	goto	i2u11_40
   371   00066E                     i2u11_41:
   372   00066E  EF2E  F003         	goto	i2l809
   373   000672                     i2u11_40:
   374   000672                     i2l813:
   375   000672  90D8               	bcf	status,0,c
   376   000674  3607               	rlcf	___awdiv@quotient^0,f,c
   377   000676  3608               	rlcf	(___awdiv@quotient+1)^0,f,c
   378   000678  5003               	movf	___awdiv@divisor^0,w,c
   379   00067A  5C01               	subwf	___awdiv@dividend^0,w,c
   380   00067C  5004               	movf	(___awdiv@divisor+1)^0,w,c
   381   00067E  5802               	subwfb	(___awdiv@dividend+1)^0,w,c
   382   000680  A0D8               	btfss	status,0,c
   383   000682  EF45  F003         	goto	i2u12_41
   384   000686  EF47  F003         	goto	i2u12_40
   385   00068A                     i2u12_41:
   386   00068A  EF4C  F003         	goto	i2l821
   387   00068E                     i2u12_40:
   388   00068E  5003               	movf	___awdiv@divisor^0,w,c
   389   000690  5E01               	subwf	___awdiv@dividend^0,f,c
   390   000692  5004               	movf	(___awdiv@divisor+1)^0,w,c
   391   000694  5A02               	subwfb	(___awdiv@dividend+1)^0,f,c
   392   000696  8007               	bsf	___awdiv@quotient^0,0,c
   393   000698                     i2l821:
   394   000698  90D8               	bcf	status,0,c
   395   00069A  3204               	rrcf	(___awdiv@divisor+1)^0,f,c
   396   00069C  3203               	rrcf	___awdiv@divisor^0,f,c
   397   00069E  2E05               	decfsz	___awdiv@counter^0,f,c
   398   0006A0  EF39  F003         	goto	i2l813
   399   0006A4                     i2l825:
   400   0006A4  5006               	movf	___awdiv@sign^0,w,c
   401   0006A6  B4D8               	btfsc	status,2,c
   402   0006A8  EF58  F003         	goto	i2u13_41
   403   0006AC  EF5A  F003         	goto	i2u13_40
   404   0006B0                     i2u13_41:
   405   0006B0  EF5E  F003         	goto	i2l829
   406   0006B4                     i2u13_40:
   407   0006B4  6C07               	negf	___awdiv@quotient^0,c
   408   0006B6  1E08               	comf	(___awdiv@quotient+1)^0,f,c
   409   0006B8  B0D8               	btfsc	status,0,c
   410   0006BA  2A08               	incf	(___awdiv@quotient+1)^0,f,c
   411   0006BC                     i2l829:
   412   0006BC  C007  F001         	movff	___awdiv@quotient,?___awdiv
   413   0006C0  C008  F002         	movff	___awdiv@quotient+1,?___awdiv+1
   414   0006C4  0012               	return		;funcret
   415   0006C6                     __end_of___awdiv:
   416                           	callstack 0
   417                           
   418                           	psect	smallconst
   419   000600                     __psmallconst:
   420                           	callstack 0
   421   000600  00                 	db	0
   422   000601  00                 	db	0	; dummy byte at the end
   423   000000                     
   424                           	psect	rparam
   425   000000                     
   426                           	psect	temp
   427   00000F                     btemp:
   428                           	callstack 0
   429   00000F                     	ds	1
   430   000000                     int$flags	set	btemp
   431   000000                     wtemp8	set	btemp+1
   432   000000                     ttemp5	set	btemp+1
   433   000000                     ttemp6	set	btemp+4
   434   000000                     ttemp7	set	btemp+8
   435                           
   436                           	psect	idloc
   437                           
   438                           ;Config register IDLOC0 @ 0x200000
   439                           ;	unspecified, using default values
   440   200000                     	org	2097152
   441   200000  FF                 	db	255
   442                           
   443                           ;Config register IDLOC1 @ 0x200001
   444                           ;	unspecified, using default values
   445   200001                     	org	2097153
   446   200001  FF                 	db	255
   447                           
   448                           ;Config register IDLOC2 @ 0x200002
   449                           ;	unspecified, using default values
   450   200002                     	org	2097154
   451   200002  FF                 	db	255
   452                           
   453                           ;Config register IDLOC3 @ 0x200003
   454                           ;	unspecified, using default values
   455   200003                     	org	2097155
   456   200003  FF                 	db	255
   457                           
   458                           ;Config register IDLOC4 @ 0x200004
   459                           ;	unspecified, using default values
   460   200004                     	org	2097156
   461   200004  FF                 	db	255
   462                           
   463                           ;Config register IDLOC5 @ 0x200005
   464                           ;	unspecified, using default values
   465   200005                     	org	2097157
   466   200005  FF                 	db	255
   467                           
   468                           ;Config register IDLOC6 @ 0x200006
   469                           ;	unspecified, using default values
   470   200006                     	org	2097158
   471   200006  FF                 	db	255
   472                           
   473                           ;Config register IDLOC7 @ 0x200007
   474                           ;	unspecified, using default values
   475   200007                     	org	2097159
   476   200007  FF                 	db	255
   477                           
   478                           	psect	config
   479                           
   480                           ; Padding undefined space
   481   300000                     	org	3145728
   482   300000  FF                 	db	255
   483                           
   484                           ;Config register CONFIG1H @ 0x300001
   485                           ;	Oscillator Selection bits
   486                           ;	OSC = INTIO67, Internal oscillator block, port function on RA6 and RA7
   487                           ;	Fail-Safe Clock Monitor Enable bit
   488                           ;	FCMEN = 0x0, unprogrammed default
   489                           ;	Internal/External Oscillator Switchover bit
   490                           ;	IESO = 0x0, unprogrammed default
   491   300001                     	org	3145729
   492   300001  08                 	db	8
   493                           
   494                           ;Config register CONFIG2L @ 0x300002
   495                           ;	Power-up Timer Enable bit
   496                           ;	PWRT = OFF, PWRT disabled
   497                           ;	Brown-out Reset Enable bits
   498                           ;	BOREN = ON, Brown-out Reset enabled and controlled by software (SBOREN is enabled)
   499                           ;	Brown Out Reset Voltage bits
   500                           ;	BORV = 0x3, unprogrammed default
   501   300002                     	org	3145730
   502   300002  1B                 	db	27
   503                           
   504                           ;Config register CONFIG2H @ 0x300003
   505                           ;	Watchdog Timer Enable bit
   506                           ;	WDT = OFF, WDT disabled (control is placed on the SWDTEN bit)
   507                           ;	Watchdog Timer Postscale Select bits
   508                           ;	WDTPS = 0xF, unprogrammed default
   509   300003                     	org	3145731
   510   300003  1E                 	db	30
   511                           
   512                           ; Padding undefined space
   513   300004                     	org	3145732
   514   300004  FF                 	db	255
   515                           
   516                           ;Config register CONFIG3H @ 0x300005
   517                           ;	CCP2 MUX bit
   518                           ;	CCP2MX = 0x1, unprogrammed default
   519                           ;	PORTB A/D Enable bit
   520                           ;	PBADEN = OFF, PORTB<4:0> pins are configured as digital I/O on Reset
   521                           ;	Low-Power Timer1 Oscillator Enable bit
   522                           ;	LPT1OSC = 0x0, unprogrammed default
   523                           ;	MCLR Pin Enable bit
   524                           ;	MCLRE = 0x1, unprogrammed default
   525   300005                     	org	3145733
   526   300005  81                 	db	129
   527                           
   528                           ;Config register CONFIG4L @ 0x300006
   529                           ;	Stack Full/Underflow Reset Enable bit
   530                           ;	STVREN = 0x1, unprogrammed default
   531                           ;	Single-Supply ICSP Enable bit
   532                           ;	LVP = OFF, Single-Supply ICSP disabled
   533                           ;	Extended Instruction Set Enable bit
   534                           ;	XINST = 0x0, unprogrammed default
   535                           ;	Background Debugger Enable bit
   536                           ;	DEBUG = 0x1, unprogrammed default
   537   300006                     	org	3145734
   538   300006  81                 	db	129
   539                           
   540                           ; Padding undefined space
   541   300007                     	org	3145735
   542   300007  FF                 	db	255
   543                           
   544                           ;Config register CONFIG5L @ 0x300008
   545                           ;	unspecified, using default values
   546                           ;	Code Protection bit
   547                           ;	CP0 = 0x1, unprogrammed default
   548                           ;	Code Protection bit
   549                           ;	CP1 = 0x1, unprogrammed default
   550                           ;	Code Protection bit
   551                           ;	CP2 = 0x1, unprogrammed default
   552                           ;	Code Protection bit
   553                           ;	CP3 = 0x1, unprogrammed default
   554   300008                     	org	3145736
   555   300008  0F                 	db	15
   556                           
   557                           ;Config register CONFIG5H @ 0x300009
   558                           ;	Boot Block Code Protection bit
   559                           ;	CPB = 0x1, unprogrammed default
   560                           ;	Data EEPROM Code Protection bit
   561                           ;	CPD = OFF, Data EEPROM not code-protected
   562   300009                     	org	3145737
   563   300009  C0                 	db	192
   564                           
   565                           ;Config register CONFIG6L @ 0x30000A
   566                           ;	unspecified, using default values
   567                           ;	Write Protection bit
   568                           ;	WRT0 = 0x1, unprogrammed default
   569                           ;	Write Protection bit
   570                           ;	WRT1 = 0x1, unprogrammed default
   571                           ;	Write Protection bit
   572                           ;	WRT2 = 0x1, unprogrammed default
   573                           ;	Write Protection bit
   574                           ;	WRT3 = 0x1, unprogrammed default
   575   30000A                     	org	3145738
   576   30000A  0F                 	db	15
   577                           
   578                           ;Config register CONFIG6H @ 0x30000B
   579                           ;	unspecified, using default values
   580                           ;	Configuration Register Write Protection bit
   581                           ;	WRTC = 0x1, unprogrammed default
   582                           ;	Boot Block Write Protection bit
   583                           ;	WRTB = 0x1, unprogrammed default
   584                           ;	Data EEPROM Write Protection bit
   585                           ;	WRTD = 0x1, unprogrammed default
   586   30000B                     	org	3145739
   587   30000B  E0                 	db	224
   588                           
   589                           ;Config register CONFIG7L @ 0x30000C
   590                           ;	unspecified, using default values
   591                           ;	Table Read Protection bit
   592                           ;	EBTR0 = 0x1, unprogrammed default
   593                           ;	Table Read Protection bit
   594                           ;	EBTR1 = 0x1, unprogrammed default
   595                           ;	Table Read Protection bit
   596                           ;	EBTR2 = 0x1, unprogrammed default
   597                           ;	Table Read Protection bit
   598                           ;	EBTR3 = 0x1, unprogrammed default
   599   30000C                     	org	3145740
   600   30000C  0F                 	db	15
   601                           
   602                           ;Config register CONFIG7H @ 0x30000D
   603                           ;	unspecified, using default values
   604                           ;	Boot Block Table Read Protection bit
   605                           ;	EBTRB = 0x1, unprogrammed default
   606   30000D                     	org	3145741
   607   30000D  40                 	db	64
   608                           tosu	equ	0xFFF
   609                           tosh	equ	0xFFE
   610                           tosl	equ	0xFFD
   611                           stkptr	equ	0xFFC
   612                           pclatu	equ	0xFFB
   613                           pclath	equ	0xFFA
   614                           pcl	equ	0xFF9
   615                           tblptru	equ	0xFF8
   616                           tblptrh	equ	0xFF7
   617                           tblptrl	equ	0xFF6
   618                           tablat	equ	0xFF5
   619                           prodh	equ	0xFF4
   620                           prodl	equ	0xFF3
   621                           indf0	equ	0xFEF
   622                           postinc0	equ	0xFEE
   623                           postdec0	equ	0xFED
   624                           preinc0	equ	0xFEC
   625                           plusw0	equ	0xFEB
   626                           fsr0h	equ	0xFEA
   627                           fsr0l	equ	0xFE9
   628                           wreg	equ	0xFE8
   629                           indf1	equ	0xFE7
   630                           postinc1	equ	0xFE6
   631                           postdec1	equ	0xFE5
   632                           preinc1	equ	0xFE4
   633                           plusw1	equ	0xFE3
   634                           fsr1h	equ	0xFE2
   635                           fsr1l	equ	0xFE1
   636                           bsr	equ	0xFE0
   637                           indf2	equ	0xFDF
   638                           postinc2	equ	0xFDE
   639                           postdec2	equ	0xFDD
   640                           preinc2	equ	0xFDC
   641                           plusw2	equ	0xFDB
   642                           fsr2h	equ	0xFDA
   643                           fsr2l	equ	0xFD9
   644                           status	equ	0xFD8

Data Sizes:
    Strings     0
    Constant    0
    Data        0
    BSS         0
    Persistent  0
    Stack       0

Auto Spaces:
    Space          Size  Autos    Used
    COMRAM          126     14      14
    BANK0           128      0       0
    BANK1           256      0       0
    BANK2           256      0       0
    BANK3           256      0       0
    BANK4           256      0       0
    BANK5           244      0       0

Pointer List with Targets:

    None.

Critical Paths under _main in COMRAM

    None.

Critical Paths under _H_ISR in COMRAM

    _H_ISR->___awdiv

Critical Paths under _main in BANK0

    None.

Critical Paths under _H_ISR in BANK0

    None.

Critical Paths under _main in BANK1

    None.

Critical Paths under _H_ISR in BANK1

    None.

Critical Paths under _main in BANK2

    None.

Critical Paths under _H_ISR in BANK2

    None.

Critical Paths under _main in BANK3

    None.

Critical Paths under _H_ISR in BANK3

    None.

Critical Paths under _main in BANK4

    None.

Critical Paths under _H_ISR in BANK4

    None.

Critical Paths under _main in BANK5

    None.

Critical Paths under _H_ISR in BANK5

    None.

Call Graph Tables:

 ---------------------------------------------------------------------------------
 (Depth) Function   	        Calls       Base Space   Used Autos Params    Refs
 ---------------------------------------------------------------------------------
 (0) _main                                                 0     0      0       0
 ---------------------------------------------------------------------------------
 Estimated maximum stack depth 0
 ---------------------------------------------------------------------------------
 (Depth) Function   	        Calls       Base Space   Used Autos Params    Refs
 ---------------------------------------------------------------------------------
 (1) _H_ISR                                                6     6      0     475
                                              8 COMRAM     6     6      0
                            ___awdiv
 ---------------------------------------------------------------------------------
 (2) ___awdiv                                              8     4      4     452
                                              0 COMRAM     8     4      4
 ---------------------------------------------------------------------------------
 Estimated maximum stack depth 2
 ---------------------------------------------------------------------------------

 Call Graph Graphs:

 _main (ROOT)

 _H_ISR (ROOT)
   ___awdiv

 Address spaces:
Name               Size   Autos  Total    Cost      Usage
BITCOMRAM           7E      0       0       0        0.0%
EEDATA             100      0       0       0        0.0%
NULL                 0      0       0       0        0.0%
CODE                 0      0       0       0        0.0%
COMRAM              7E      E       E       1       11.1%
STACK                0      0       0       2        0.0%
BITBANK0            80      0       0       3        0.0%
BANK0               80      0       0       4        0.0%
BITBANK1           100      0       0       5        0.0%
BANK1              100      0       0       6        0.0%
BITBANK2           100      0       0       7        0.0%
BANK2              100      0       0       8        0.0%
BITBANK3           100      0       0       9        0.0%
BANK3              100      0       0      10        0.0%
BITBANK4           100      0       0      11        0.0%
BANK4              100      0       0      12        0.0%
BITBANK5            F4      0       0      13        0.0%
BANK5               F4      0       0      14        0.0%
BITBIGSFR_5h         A      0       0      15        0.0%
BITBIGSFR_5l         2      0       0      16        0.0%
BITBIGSFR_4          3      0       0      17        0.0%
BITBIGSFR_3          3      0       0      18        0.0%
BITBIGSFR_2          6      0       0      19        0.0%
BITBIGSFR_1h         E      0       0      20        0.0%
BITBIGSFR_1lh       21      0       0      21        0.0%
BITBIGSFRhhh         7      0       0      22        0.0%
BITBIGSFRhhl         1      0       0      23        0.0%
BITBIGSFRhl          6      0       0      24        0.0%
BITBIGSFRl           B      0       0      25        0.0%
ABS                  0      0       0      26        0.0%
BIGRAM             5F3      0       0      27        0.0%
DATA                 0      0       0      28        0.0%
BIGSFR_5             0      0       0     200        0.0%
BIGSFR_4             0      0       0     200        0.0%
BIGSFR_3             0      0       0     200        0.0%
BIGSFR_2             0      0       0     200        0.0%
BIGSFR_1             0      0       0     200        0.0%
BIGSFR               0      0       0     200        0.0%
BITSFR_5             0      0       0     200        0.0%
SFR_5                0      0       0     200        0.0%
BITSFR_4             0      0       0     200        0.0%
SFR_4                0      0       0     200        0.0%
BITSFR_3             0      0       0     200        0.0%
SFR_3                0      0       0     200        0.0%
BITSFR_2             0      0       0     200        0.0%
SFR_2                0      0       0     200        0.0%
BITSFR_1             0      0       0     200        0.0%
SFR_1                0      0       0     200        0.0%
BITSFR               0      0       0     200        0.0%
SFR                  0      0       0     200        0.0%


Microchip Technology PIC18 Macro Assembler V2.45 build 20230818022343 
Symbol Table                                                                                   Mon Dec 18 21:43:38 2023

                     l34 0756                       l35 0756             ___awdiv@sign 0006  
                    l771 0720                      l781 0746                      l773 0722  
                    l783 0748                      l775 0740                      l767 0716  
                    l785 074A                      l777 0742                      l769 071E  
                    l787 074C                      l779 0744                     _LATC 0F8B  
                   i2l29 0712                     _main 0716                     btemp 000F  
                   start 000E             ___param_bank 0000                    ?_main 0001  
        __end_of___awdiv 06C6          ___awdiv@divisor 0003                    i2l271 06C4  
                  i2l801 0636                    i2l811 0664                    i2l803 063A  
                  i2l821 0698                    i2l813 0672                    i2l805 0642  
                  i2l823 069E                    i2l815 0678                    i2l807 0654  
                  i2l817 068E                    i2l809 065C                    i2l825 06A4  
                  i2l833 06C8                    i2l827 06B4                    i2l819 0696  
                  i2l835 06F6                    i2l829 06BC                    i2l837 070E  
                  i2l791 0606                    i2l839 0710                    i2l793 0614  
                  i2l795 061C          ___awdiv@counter 0005                    i2l797 0620  
                  i2l789 0602                    i2l799 062E                    _H_ISR 0008  
                  _TRISC 0F94                    ttemp5 0010                    ttemp6 0013  
                  ttemp7 0017                    status 0FD8                    wtemp8 0010  
        __initialization 075E             __end_of_main 075E                   ??_main 000F  
          __activetblptr 0000                   ?_H_ISR 0001                   _ADRESH 0FC4  
                 _ADRESL 0FC3         ___awdiv@dividend 0001                   i2u8_40 0614  
                 i2u8_41 0610                   i2u9_40 062E                   i2u9_41 062A  
              ??___awdiv 0005         ___awdiv@quotient 0007                   isa$std 0001  
           __mediumconst 0000               __accesstop 0080  __end_of__initialization 075E  
          ___rparam_used 0001            __end_of_H_ISR 0716           __pcstackCOMRAM 0001  
                ??_H_ISR 0009                  i2u10_40 0654                  i2u10_41 0650  
                i2u11_40 0672                  i2u11_41 066E                  i2u12_40 068E  
                i2u12_41 068A                  i2u13_40 06B4                  i2u13_41 06B0  
                i2u14_45 06D0                  __Hparam 0000                  __Lparam 0000  
                ___awdiv 0602             __psmallconst 0600                  __pcinit 075E  
                __ramtop 0600                  __ptext0 0716                  __ptext2 0602  
         __pintcode_body 06C6     end_of_initialization 075E                  int_func 06C6  
              _TRISAbits 0F92      start_initialization 075E                __pintcode 0008  
               ?___awdiv 0001               H_ISR@value 000D              __smallconst 0600  
               _PIE1bits 0F9D                 _PIR1bits 0F9E               _ADCON0bits 0FC2  
             _ADCON1bits 0FC1               _ADCON2bits 0FC0                 __Hrparam 0000  
               __Lrparam 0000                 isa$xinst 0000                 int$flags 000F  
             _INTCONbits 0FF2                 intlevel2 0000               _OSCCONbits 0FD3  
