

Microchip MPLAB XC8 Assembler V2.45 build 20230818022343 
                                                                                               Thu Nov 30 11:55:14 2023

Microchip MPLAB XC8 C Compiler v2.45 (Free license) build 20230818022343 Og1 
     1                           	processor	18F4520
     2                           	fnconf	rparam,??,?,0
     3                           	pagewidth 120
     4                           	opt	flic
     5                           	psect	idataCOMRAM,global,class=CODE,delta=1,noexec
     6                           	psect	cinit,global,reloc=2,class=CODE,delta=1
     7                           	psect	dataCOMRAM,global,class=COMRAM,space=1,delta=1,lowdata,noexec
     8                           	psect	cstackCOMRAM,global,class=COMRAM,space=1,delta=1,lowdata,noexec
     9                           	psect	text0,global,reloc=2,class=CODE,delta=1
    10                           	psect	intcode,global,reloc=2,class=CODE,delta=1
    11                           	psect	intcode_body,global,reloc=2,class=CODE,delta=1
    12                           	psect	smallconst,global,reloc=2,class=SMALLCONST,delta=1,noexec
    13                           	psect	intsave_regs,global,class=BIGRAM,space=1,delta=1,noexec
    14                           	psect	rparam,global,class=COMRAM,space=1,delta=1,noexec
    15                           	psect	temp,global,ovrld,common,class=COMRAM,space=1,delta=1
    16                           	psect	idloc,global,abs,ovrld,class=IDLOC,space=5,delta=1,noexec
    17                           	psect	config,global,abs,ovrld,class=CONFIG,space=4,delta=1,noexec
    18   000000                     
    19                           ; Generated 18/08/2023 GMT
    20                           ; 
    21                           ; Copyright © 2023, Microchip Technology Inc. and its subsidiaries ("Microchip")
    22                           ; All rights reserved.
    23                           ; 
    24                           ; This software is developed by Microchip Technology Inc. and its subsidiaries ("Microch
      +                          ip").
    25                           ; 
    26                           ; Redistribution and use in source and binary forms, with or without modification, are
    27                           ; permitted provided that the following conditions are met:
    28                           ; 
    29                           ;     1. Redistributions of source code must retain the above copyright notice, this lis
      +                          t of
    30                           ;        conditions and the following disclaimer.
    31                           ; 
    32                           ;     2. Redistributions in binary form must reproduce the above copyright notice, this 
      +                          list
    33                           ;        of conditions and the following disclaimer in the documentation and/or other
    34                           ;        materials provided with the distribution. Publication is not required when
    35                           ;        this file is used in an embedded application.
    36                           ; 
    37                           ;     3. Microchip's name may not be used to endorse or promote products derived from th
      +                          is
    38                           ;        software without specific prior written permission.
    39                           ; 
    40                           ; THIS SOFTWARE IS PROVIDED BY MICROCHIP "AS IS" AND ANY EXPRESS OR IMPLIED WARRANTIES,
    41                           ; INCLUDING, BUT NOT LIMITED TO, THE IMPLIED WARRANTIES OF MERCHANTABILITY AND FITNESS F
      +                          OR
    42                           ; PURPOSE ARE DISCLAIMED.  IN NO EVENT SHALL MICROCHIP BE LIABLE FOR ANY DIRECT, INDIREC
      +                          T,
    43                           ; INCIDENTAL, SPECIAL, EXEMPLARY, OR CONSEQUENTIAL DAMAGES (INCLUDING BUT NOT LIMITED TO
    44                           ; PROCUREMENT OF SUBSTITUTE GOODS OR SERVICES; LOSS OF USE, DATA OR PROFITS; OR BUSINESS
    45                           ; INTERRUPTION) HOWSOEVER CAUSED AND ON ANY THEORY OF LIABILITY, WHETHER IN CONTRACT, ST
      +                          RICT
    46                           ; LIABILITY, OR TORT (INCLUDING NEGLIGENCE OR OTHERWISE) ARISING IN ANY WAY OUT OF THE U
      +                          SE OF
    47                           ; THIS SOFTWARE, EVEN IF ADVISED OF THE POSSIBILITY OF SUCH DAMAGE.
    48                           ; 
    49                           ; 
    50                           ; Code-generator required, PIC18F4520 Definitions
    51                           ; 
    52                           ; SFR Addresses
    53   000000                     
    54                           	psect	idataCOMRAM
    55   0007EA                     __pidataCOMRAM:
    56                           	callstack 0
    57                           
    58                           ;initializer for _is_going_up
    59   0007EA  0001               	dw	1
    60   000000                     _GIE	set	32663
    61   000000                     _INT0IE	set	32660
    62   000000                     _LATC	set	3979
    63   000000                     _TRISB	set	3987
    64   000000                     _CCP1CONbits	set	4029
    65   000000                     _INT0IF	set	32657
    66   000000                     _ADCON1	set	4033
    67   000000                     _CCPR1L	set	4030
    68   000000                     _TRISC	set	3988
    69   000000                     _T2CONbits	set	4042
    70   000000                     _PR2	set	4043
    71   000000                     _OSCCONbits	set	4051
    72                           
    73                           ; #config settings
    74                           
    75                           	psect	cinit
    76   0007C8                     __pcinit:
    77                           	callstack 0
    78   0007C8                     start_initialization:
    79                           	callstack 0
    80   0007C8                     __initialization:
    81                           	callstack 0
    82                           
    83                           ; Initialize objects allocated to COMRAM (2 bytes)
    84                           ; load TBLPTR registers with __pidataCOMRAM
    85   0007C8  0EEA               	movlw	low __pidataCOMRAM
    86   0007CA  6EF6               	movwf	tblptrl,c
    87   0007CC  0E07               	movlw	high __pidataCOMRAM
    88   0007CE  6EF7               	movwf	tblptrh,c
    89   0007D0  0E00               	movlw	low (__pidataCOMRAM shr (0+16))
    90   0007D2  6EF8               	movwf	tblptru,c
    91   0007D4  0009               	tblrd		*+	;fetch initializer
    92   0007D6  CFF5 F006          	movff	tablat,__pdataCOMRAM
    93   0007DA  0009               	tblrd		*+	;fetch initializer
    94   0007DC  CFF5 F007          	movff	tablat,__pdataCOMRAM+1
    95   0007E0                     end_of_initialization:
    96                           	callstack 0
    97   0007E0                     __end_of__initialization:
    98                           	callstack 0
    99   0007E0  9008               	bcf	int$flags,0,c	;clear compiler interrupt flag (level 1)
   100   0007E2  9208               	bcf	int$flags,1,c	;clear compiler interrupt flag (level 2)
   101   0007E4  0100               	movlb	0
   102   0007E6  EFC2  F003         	goto	_main	;jump to C main() function
   103                           
   104                           	psect	dataCOMRAM
   105   000006                     __pdataCOMRAM:
   106                           	callstack 0
   107   000006                     _is_going_up:
   108                           	callstack 0
   109   000006                     	ds	2
   110                           
   111                           	psect	cstackCOMRAM
   112   000001                     __pcstackCOMRAM:
   113                           	callstack 0
   114   000001                     ??_H_ISR:
   115   000001                     
   116                           ; 1 bytes @ 0x0
   117   000001                     	ds	5
   118   000006                     
   119                           ; 1 bytes @ 0x5
   120 ;;
   121 ;;Main: autosize = 0, tempsize = 0, incstack = 0, save=0
   122 ;;
   123 ;; *************** function _main *****************
   124 ;; Defined at:
   125 ;;		line 98 in file "8-1.c"
   126 ;; Parameters:    Size  Location     Type
   127 ;;		None
   128 ;; Auto vars:     Size  Location     Type
   129 ;;		None
   130 ;; Return value:  Size  Location     Type
   131 ;;                  1    wreg      void 
   132 ;; Registers used:
   133 ;;		wreg, status,2
   134 ;; Tracked objects:
   135 ;;		On entry : 0/0
   136 ;;		On exit  : 0/0
   137 ;;		Unchanged: 0/0
   138 ;; Data sizes:     COMRAM   BANK0   BANK1   BANK2   BANK3   BANK4   BANK5
   139 ;;      Params:         0       0       0       0       0       0       0
   140 ;;      Locals:         0       0       0       0       0       0       0
   141 ;;      Temps:          0       0       0       0       0       0       0
   142 ;;      Totals:         0       0       0       0       0       0       0
   143 ;;Total ram usage:        0 bytes
   144 ;; Hardware stack levels required when called: 1
   145 ;; This function calls:
   146 ;;		Nothing
   147 ;; This function is called by:
   148 ;;		Startup code after reset
   149 ;; This function uses a non-reentrant model
   150 ;;
   151                           
   152                           	psect	text0
   153   000784                     __ptext0:
   154                           	callstack 0
   155   000784                     _main:
   156                           	callstack 30
   157   000784  0E01               	movlw	1
   158   000786  6E93               	movwf	147,c	;volatile
   159   000788  92F2               	bcf	4082,1,c	;volatile
   160   00078A  88F2               	bsf	4082,4,c	;volatile
   161   00078C  8EF2               	bsf	4082,7,c	;volatile
   162   00078E  0E0F               	movlw	15
   163   000790  6EC1               	movwf	193,c	;volatile
   164   000792  84CA               	bsf	202,2,c	;volatile
   165   000794  50CA               	movf	202,w,c	;volatile
   166   000796  0BFC               	andlw	-4
   167   000798  0901               	iorlw	1
   168   00079A  6ECA               	movwf	202,c	;volatile
   169   00079C  50D3               	movf	211,w,c	;volatile
   170   00079E  0B8F               	andlw	-113
   171   0007A0  0910               	iorlw	16
   172   0007A2  6ED3               	movwf	211,c	;volatile
   173   0007A4  50BD               	movf	189,w,c	;volatile
   174   0007A6  0BF0               	andlw	-16
   175   0007A8  090C               	iorlw	12
   176   0007AA  6EBD               	movwf	189,c	;volatile
   177   0007AC  0E00               	movlw	0
   178   0007AE  6E94               	movwf	148,c	;volatile
   179   0007B0  0E00               	movlw	0
   180   0007B2  6E8B               	movwf	139,c	;volatile
   181   0007B4  0E9B               	movlw	155
   182   0007B6  6ECB               	movwf	203,c	;volatile
   183   0007B8  0E08               	movlw	8
   184   0007BA  6EBE               	movwf	190,c	;volatile
   185   0007BC  0ECF               	movlw	-49
   186   0007BE  16BD               	andwf	189,f,c	;volatile
   187   0007C0                     l54:
   188   0007C0  EFE0  F003         	goto	l54
   189   0007C4  EF07  F000         	goto	start
   190   0007C8                     __end_of_main:
   191                           	callstack 0
   192                           
   193 ;; *************** function _H_ISR *****************
   194 ;; Defined at:
   195 ;;		line 61 in file "8-1.c"
   196 ;; Parameters:    Size  Location     Type
   197 ;;		None
   198 ;; Auto vars:     Size  Location     Type
   199 ;;		None
   200 ;; Return value:  Size  Location     Type
   201 ;;                  1    wreg      void 
   202 ;; Registers used:
   203 ;;		wreg, status,2, status,0, prodl, prodh
   204 ;; Tracked objects:
   205 ;;		On entry : 0/0
   206 ;;		On exit  : 0/0
   207 ;;		Unchanged: 0/0
   208 ;; Data sizes:     COMRAM   BANK0   BANK1   BANK2   BANK3   BANK4   BANK5
   209 ;;      Params:         0       0       0       0       0       0       0
   210 ;;      Locals:         0       0       0       0       0       0       0
   211 ;;      Temps:          5       0       0       0       0       0       0
   212 ;;      Totals:         5       0       0       0       0       0       0
   213 ;;Total ram usage:        5 bytes
   214 ;; Hardware stack levels used: 1
   215 ;; This function calls:
   216 ;;		Nothing
   217 ;; This function is called by:
   218 ;;		Interrupt level 2
   219 ;; This function uses a non-reentrant model
   220 ;;
   221                           
   222                           	psect	intcode
   223   000008                     __pintcode:
   224                           	callstack 0
   225   000008                     _H_ISR:
   226                           	callstack 30
   227                           
   228                           ;incstack = 0
   229   000008  8208               	bsf	int$flags,1,c	;set compiler interrupt flag (level 2)
   230   00000A  ED01  F003         	call	int_func,f	;refresh shadow registers
   231                           
   232                           	psect	intcode_body
   233   000602                     __pintcode_body:
   234                           	callstack 30
   235   000602                     int_func:
   236                           	callstack 30
   237   000602  0006               	pop		; remove dummy address from shadow register refresh
   238   000604  CFF3 F004          	movff	prodl,??_H_ISR+3
   239   000608  CFF4 F005          	movff	prodh,??_H_ISR+4
   240   00060C  5006               	movf	_is_going_up^0,w,c
   241   00060E  1007               	iorwf	(_is_going_up+1)^0,w,c
   242   000610  B4D8               	btfsc	status,2,c
   243   000612  EF0D  F003         	goto	i2u1_41
   244   000616  EF0F  F003         	goto	i2u1_40
   245   00061A                     i2u1_41:
   246   00061A  EF65  F003         	goto	i2l753
   247   00061E                     i2u1_40:
   248   00061E                     i2l735:
   249   00061E  38BD               	swapf	189,w,c	;volatile
   250   000620  0B03               	andlw	3
   251   000622  0A03               	xorlw	3
   252   000624  A4D8               	btfss	status,2,c
   253   000626  EF17  F003         	goto	i2u2_41
   254   00062A  EF19  F003         	goto	i2u2_40
   255   00062E                     i2u2_41:
   256   00062E  EF1E  F003         	goto	i2l741
   257   000632                     i2u2_40:
   258   000632  0ECF               	movlw	-49
   259   000634  16BD               	andwf	189,f,c	;volatile
   260   000636  2ABE               	incf	190,f,c	;volatile
   261   000638  EF2B  F003         	goto	i2l743
   262   00063C                     i2l741:
   263   00063C  0E01               	movlw	1
   264   00063E  6E01               	movwf	??_H_ISR^0,c
   265   000640  38BD               	swapf	189,w,c	;volatile
   266   000642  0B03               	andlw	3
   267   000644  6E02               	movwf	(??_H_ISR+1)^0,c
   268   000646  5001               	movf	??_H_ISR^0,w,c
   269   000648  2602               	addwf	(??_H_ISR+1)^0,f,c
   270   00064A  3A02               	swapf	(??_H_ISR+1)^0,f,c
   271   00064C  50BD               	movf	189,w,c	;volatile
   272   00064E  1802               	xorwf	(??_H_ISR+1)^0,w,c
   273   000650  0BCF               	andlw	-49
   274   000652  1802               	xorwf	(??_H_ISR+1)^0,w,c
   275   000654  6EBD               	movwf	189,c	;volatile
   276   000656                     i2l743:
   277   000656  0EFA               	movlw	250
   278   000658                     i2u8_47:
   279   000658  D000               	nop2	
   280   00065A  2EE8               	decfsz	wreg,f,c
   281   00065C  D7FD               	bra	i2u8_47
   282   00065E  50BE               	movf	190,w,c	;volatile
   283   000660  0D04               	mullw	4
   284   000662  CFF3 F001          	movff	prodl,??_H_ISR
   285   000666  CFF4 F002          	movff	prodh,??_H_ISR+1
   286   00066A  38BD               	swapf	189,w,c	;volatile
   287   00066C  0B03               	andlw	3
   288   00066E  6E03               	movwf	(??_H_ISR+2)^0,c
   289   000670  5003               	movf	(??_H_ISR+2)^0,w,c
   290   000672  2601               	addwf	??_H_ISR^0,f,c
   291   000674  0E00               	movlw	0
   292   000676  2202               	addwfc	(??_H_ISR+1)^0,f,c
   293   000678  0E2F               	movlw	47
   294   00067A  1801               	xorwf	??_H_ISR^0,w,c
   295   00067C  1002               	iorwf	(??_H_ISR+1)^0,w,c
   296   00067E  A4D8               	btfss	status,2,c
   297   000680  EF44  F003         	goto	i2u3_41
   298   000684  EF46  F003         	goto	i2u3_40
   299   000688                     i2u3_41:
   300   000688  EF48  F003         	goto	i2l749
   301   00068C                     i2u3_40:
   302   00068C  EFB9  F003         	goto	i2l41
   303   000690                     i2l749:
   304   000690  50BE               	movf	190,w,c	;volatile
   305   000692  0D04               	mullw	4
   306   000694  CFF3 F001          	movff	prodl,??_H_ISR
   307   000698  CFF4 F002          	movff	prodh,??_H_ISR+1
   308   00069C  38BD               	swapf	189,w,c	;volatile
   309   00069E  0B03               	andlw	3
   310   0006A0  6E03               	movwf	(??_H_ISR+2)^0,c
   311   0006A2  5003               	movf	(??_H_ISR+2)^0,w,c
   312   0006A4  2601               	addwf	??_H_ISR^0,f,c
   313   0006A6  0E00               	movlw	0
   314   0006A8  2202               	addwfc	(??_H_ISR+1)^0,f,c
   315   0006AA  0E3E               	movlw	62
   316   0006AC  1801               	xorwf	??_H_ISR^0,w,c
   317   0006AE  1002               	iorwf	(??_H_ISR+1)^0,w,c
   318   0006B0  A4D8               	btfss	status,2,c
   319   0006B2  EF5D  F003         	goto	i2u4_41
   320   0006B6  EF5F  F003         	goto	i2u4_40
   321   0006BA                     i2u4_41:
   322   0006BA  EF0F  F003         	goto	i2l735
   323   0006BE                     i2u4_40:
   324   0006BE  0E00               	movlw	0
   325   0006C0  6E07               	movwf	(_is_going_up+1)^0,c
   326   0006C2  0E00               	movlw	0
   327   0006C4  6E06               	movwf	_is_going_up^0,c
   328   0006C6  EFB9  F003         	goto	i2l41
   329   0006CA                     i2l753:
   330   0006CA  38BD               	swapf	189,w,c	;volatile
   331   0006CC  0B03               	andlw	3
   332   0006CE  0900               	iorlw	0
   333   0006D0  A4D8               	btfss	status,2,c
   334   0006D2  EF6D  F003         	goto	i2u5_41
   335   0006D6  EF6F  F003         	goto	i2u5_40
   336   0006DA                     i2u5_41:
   337   0006DA  EF74  F003         	goto	i2l759
   338   0006DE                     i2u5_40:
   339   0006DE  0E30               	movlw	48
   340   0006E0  12BD               	iorwf	189,f,c	;volatile
   341   0006E2  06BE               	decf	190,f,c	;volatile
   342   0006E4  EF81  F003         	goto	i2l761
   343   0006E8                     i2l759:
   344   0006E8  0E01               	movlw	1
   345   0006EA  6E01               	movwf	??_H_ISR^0,c
   346   0006EC  38BD               	swapf	189,w,c	;volatile
   347   0006EE  0B03               	andlw	3
   348   0006F0  6E02               	movwf	(??_H_ISR+1)^0,c
   349   0006F2  5001               	movf	??_H_ISR^0,w,c
   350   0006F4  5E02               	subwf	(??_H_ISR+1)^0,f,c
   351   0006F6  3A02               	swapf	(??_H_ISR+1)^0,f,c
   352   0006F8  50BD               	movf	189,w,c	;volatile
   353   0006FA  1802               	xorwf	(??_H_ISR+1)^0,w,c
   354   0006FC  0BCF               	andlw	-49
   355   0006FE  1802               	xorwf	(??_H_ISR+1)^0,w,c
   356   000700  6EBD               	movwf	189,c	;volatile
   357   000702                     i2l761:
   358   000702  0EFA               	movlw	250
   359   000704                     i2u9_47:
   360   000704  D000               	nop2	
   361   000706  2EE8               	decfsz	wreg,f,c
   362   000708  D7FD               	bra	i2u9_47
   363   00070A  50BE               	movf	190,w,c	;volatile
   364   00070C  0D04               	mullw	4
   365   00070E  CFF3 F001          	movff	prodl,??_H_ISR
   366   000712  CFF4 F002          	movff	prodh,??_H_ISR+1
   367   000716  38BD               	swapf	189,w,c	;volatile
   368   000718  0B03               	andlw	3
   369   00071A  6E03               	movwf	(??_H_ISR+2)^0,c
   370   00071C  5003               	movf	(??_H_ISR+2)^0,w,c
   371   00071E  2601               	addwf	??_H_ISR^0,f,c
   372   000720  0E00               	movlw	0
   373   000722  2202               	addwfc	(??_H_ISR+1)^0,f,c
   374   000724  0E2F               	movlw	47
   375   000726  1801               	xorwf	??_H_ISR^0,w,c
   376   000728  1002               	iorwf	(??_H_ISR+1)^0,w,c
   377   00072A  A4D8               	btfss	status,2,c
   378   00072C  EF9A  F003         	goto	i2u6_41
   379   000730  EF9C  F003         	goto	i2u6_40
   380   000734                     i2u6_41:
   381   000734  EF9E  F003         	goto	i2l767
   382   000738                     i2u6_40:
   383   000738  EFB9  F003         	goto	i2l41
   384   00073C                     i2l767:
   385   00073C  50BE               	movf	190,w,c	;volatile
   386   00073E  0D04               	mullw	4
   387   000740  CFF3 F001          	movff	prodl,??_H_ISR
   388   000744  CFF4 F002          	movff	prodh,??_H_ISR+1
   389   000748  38BD               	swapf	189,w,c	;volatile
   390   00074A  0B03               	andlw	3
   391   00074C  6E03               	movwf	(??_H_ISR+2)^0,c
   392   00074E  5003               	movf	(??_H_ISR+2)^0,w,c
   393   000750  2601               	addwf	??_H_ISR^0,f,c
   394   000752  0E00               	movlw	0
   395   000754  2202               	addwfc	(??_H_ISR+1)^0,f,c
   396   000756  0E20               	movlw	32
   397   000758  1801               	xorwf	??_H_ISR^0,w,c
   398   00075A  1002               	iorwf	(??_H_ISR+1)^0,w,c
   399   00075C  A4D8               	btfss	status,2,c
   400   00075E  EFB3  F003         	goto	i2u7_41
   401   000762  EFB5  F003         	goto	i2u7_40
   402   000766                     i2u7_41:
   403   000766  EF65  F003         	goto	i2l753
   404   00076A                     i2u7_40:
   405   00076A  0E00               	movlw	0
   406   00076C  6E07               	movwf	(_is_going_up+1)^0,c
   407   00076E  0E01               	movlw	1
   408   000770  6E06               	movwf	_is_going_up^0,c
   409   000772                     i2l41:
   410   000772  92F2               	bcf	4082,1,c	;volatile
   411   000774  88F2               	bsf	4082,4,c	;volatile
   412   000776  8EF2               	bsf	4082,7,c	;volatile
   413   000778  C005  FFF4         	movff	??_H_ISR+4,prodh
   414   00077C  C004  FFF3         	movff	??_H_ISR+3,prodl
   415   000780  9208               	bcf	int$flags,1,c	;clear compiler interrupt flag (level 2)
   416   000782  0011               	retfie		f
   417   000784                     __end_of_H_ISR:
   418                           	callstack 0
   419                           
   420                           	psect	smallconst
   421   000600                     __psmallconst:
   422                           	callstack 0
   423   000600  00                 	db	0
   424   000601  00                 	db	0	; dummy byte at the end
   425   000000                     
   426                           	psect	rparam
   427   000000                     
   428                           	psect	temp
   429   000008                     btemp:
   430                           	callstack 0
   431   000008                     	ds	1
   432   000000                     int$flags	set	btemp
   433   000000                     wtemp8	set	btemp+1
   434   000000                     ttemp5	set	btemp+1
   435   000000                     ttemp6	set	btemp+4
   436   000000                     ttemp7	set	btemp+8
   437                           
   438                           	psect	idloc
   439                           
   440                           ;Config register IDLOC0 @ 0x200000
   441                           ;	unspecified, using default values
   442   200000                     	org	2097152
   443   200000  FF                 	db	255
   444                           
   445                           ;Config register IDLOC1 @ 0x200001
   446                           ;	unspecified, using default values
   447   200001                     	org	2097153
   448   200001  FF                 	db	255
   449                           
   450                           ;Config register IDLOC2 @ 0x200002
   451                           ;	unspecified, using default values
   452   200002                     	org	2097154
   453   200002  FF                 	db	255
   454                           
   455                           ;Config register IDLOC3 @ 0x200003
   456                           ;	unspecified, using default values
   457   200003                     	org	2097155
   458   200003  FF                 	db	255
   459                           
   460                           ;Config register IDLOC4 @ 0x200004
   461                           ;	unspecified, using default values
   462   200004                     	org	2097156
   463   200004  FF                 	db	255
   464                           
   465                           ;Config register IDLOC5 @ 0x200005
   466                           ;	unspecified, using default values
   467   200005                     	org	2097157
   468   200005  FF                 	db	255
   469                           
   470                           ;Config register IDLOC6 @ 0x200006
   471                           ;	unspecified, using default values
   472   200006                     	org	2097158
   473   200006  FF                 	db	255
   474                           
   475                           ;Config register IDLOC7 @ 0x200007
   476                           ;	unspecified, using default values
   477   200007                     	org	2097159
   478   200007  FF                 	db	255
   479                           
   480                           	psect	config
   481                           
   482                           ; Padding undefined space
   483   300000                     	org	3145728
   484   300000  FF                 	db	255
   485                           
   486                           ;Config register CONFIG1H @ 0x300001
   487                           ;	Oscillator Selection bits
   488                           ;	OSC = INTIO67, Internal oscillator block, port function on RA6 and RA7
   489                           ;	Fail-Safe Clock Monitor Enable bit
   490                           ;	FCMEN = OFF, Fail-Safe Clock Monitor disabled
   491                           ;	Internal/External Oscillator Switchover bit
   492                           ;	IESO = OFF, Oscillator Switchover mode disabled
   493   300001                     	org	3145729
   494   300001  08                 	db	8
   495                           
   496                           ;Config register CONFIG2L @ 0x300002
   497                           ;	Power-up Timer Enable bit
   498                           ;	PWRT = OFF, PWRT disabled
   499                           ;	Brown-out Reset Enable bits
   500                           ;	BOREN = ON, Brown-out Reset enabled and controlled by software (SBOREN is enabled)
   501                           ;	Brown Out Reset Voltage bits
   502                           ;	BORV = 3, Minimum setting
   503   300002                     	org	3145730
   504   300002  1B                 	db	27
   505                           
   506                           ;Config register CONFIG2H @ 0x300003
   507                           ;	Watchdog Timer Enable bit
   508                           ;	WDT = OFF, WDT disabled (control is placed on the SWDTEN bit)
   509                           ;	Watchdog Timer Postscale Select bits
   510                           ;	WDTPS = 32768, 1:32768
   511   300003                     	org	3145731
   512   300003  1E                 	db	30
   513                           
   514                           ; Padding undefined space
   515   300004                     	org	3145732
   516   300004  FF                 	db	255
   517                           
   518                           ;Config register CONFIG3H @ 0x300005
   519                           ;	CCP2 MUX bit
   520                           ;	CCP2MX = PORTC, CCP2 input/output is multiplexed with RC1
   521                           ;	PORTB A/D Enable bit
   522                           ;	PBADEN = OFF, PORTB<4:0> pins are configured as digital I/O on Reset
   523                           ;	Low-Power Timer1 Oscillator Enable bit
   524                           ;	LPT1OSC = OFF, Timer1 configured for higher power operation
   525                           ;	MCLR Pin Enable bit
   526                           ;	MCLRE = ON, MCLR pin enabled; RE3 input pin disabled
   527   300005                     	org	3145733
   528   300005  81                 	db	129
   529                           
   530                           ;Config register CONFIG4L @ 0x300006
   531                           ;	Stack Full/Underflow Reset Enable bit
   532                           ;	STVREN = ON, Stack full/underflow will cause Reset
   533                           ;	Single-Supply ICSP Enable bit
   534                           ;	LVP = OFF, Single-Supply ICSP disabled
   535                           ;	Extended Instruction Set Enable bit
   536                           ;	XINST = OFF, Instruction set extension and Indexed Addressing mode disabled (Legacy mo
      +                          de)
   537                           ;	Background Debugger Enable bit
   538                           ;	DEBUG = 0x1, unprogrammed default
   539   300006                     	org	3145734
   540   300006  81                 	db	129
   541                           
   542                           ; Padding undefined space
   543   300007                     	org	3145735
   544   300007  FF                 	db	255
   545                           
   546                           ;Config register CONFIG5L @ 0x300008
   547                           ;	Code Protection bit
   548                           ;	CP0 = OFF, Block 0 (000800-001FFFh) not code-protected
   549                           ;	Code Protection bit
   550                           ;	CP1 = OFF, Block 1 (002000-003FFFh) not code-protected
   551                           ;	Code Protection bit
   552                           ;	CP2 = OFF, Block 2 (004000-005FFFh) not code-protected
   553                           ;	Code Protection bit
   554                           ;	CP3 = OFF, Block 3 (006000-007FFFh) not code-protected
   555   300008                     	org	3145736
   556   300008  0F                 	db	15
   557                           
   558                           ;Config register CONFIG5H @ 0x300009
   559                           ;	Boot Block Code Protection bit
   560                           ;	CPB = OFF, Boot block (000000-0007FFh) not code-protected
   561                           ;	Data EEPROM Code Protection bit
   562                           ;	CPD = OFF, Data EEPROM not code-protected
   563   300009                     	org	3145737
   564   300009  C0                 	db	192
   565                           
   566                           ;Config register CONFIG6L @ 0x30000A
   567                           ;	Write Protection bit
   568                           ;	WRT0 = OFF, Block 0 (000800-001FFFh) not write-protected
   569                           ;	Write Protection bit
   570                           ;	WRT1 = OFF, Block 1 (002000-003FFFh) not write-protected
   571                           ;	Write Protection bit
   572                           ;	WRT2 = OFF, Block 2 (004000-005FFFh) not write-protected
   573                           ;	Write Protection bit
   574                           ;	WRT3 = OFF, Block 3 (006000-007FFFh) not write-protected
   575   30000A                     	org	3145738
   576   30000A  0F                 	db	15
   577                           
   578                           ;Config register CONFIG6H @ 0x30000B
   579                           ;	Configuration Register Write Protection bit
   580                           ;	WRTC = OFF, Configuration registers (300000-3000FFh) not write-protected
   581                           ;	Boot Block Write Protection bit
   582                           ;	WRTB = OFF, Boot block (000000-0007FFh) not write-protected
   583                           ;	Data EEPROM Write Protection bit
   584                           ;	WRTD = OFF, Data EEPROM not write-protected
   585   30000B                     	org	3145739
   586   30000B  E0                 	db	224
   587                           
   588                           ;Config register CONFIG7L @ 0x30000C
   589                           ;	Table Read Protection bit
   590                           ;	EBTR0 = OFF, Block 0 (000800-001FFFh) not protected from table reads executed in other
      +                           blocks
   591                           ;	Table Read Protection bit
   592                           ;	EBTR1 = OFF, Block 1 (002000-003FFFh) not protected from table reads executed in other
      +                           blocks
   593                           ;	Table Read Protection bit
   594                           ;	EBTR2 = OFF, Block 2 (004000-005FFFh) not protected from table reads executed in other
      +                           blocks
   595                           ;	Table Read Protection bit
   596                           ;	EBTR3 = OFF, Block 3 (006000-007FFFh) not protected from table reads executed in other
      +                           blocks
   597   30000C                     	org	3145740
   598   30000C  0F                 	db	15
   599                           
   600                           ;Config register CONFIG7H @ 0x30000D
   601                           ;	Boot Block Table Read Protection bit
   602                           ;	EBTRB = OFF, Boot block (000000-0007FFh) not protected from table reads executed in ot
      +                          her blocks
   603   30000D                     	org	3145741
   604   30000D  40                 	db	64
   605                           tosu	equ	0xFFF
   606                           tosh	equ	0xFFE
   607                           tosl	equ	0xFFD
   608                           stkptr	equ	0xFFC
   609                           pclatu	equ	0xFFB
   610                           pclath	equ	0xFFA
   611                           pcl	equ	0xFF9
   612                           tblptru	equ	0xFF8
   613                           tblptrh	equ	0xFF7
   614                           tblptrl	equ	0xFF6
   615                           tablat	equ	0xFF5
   616                           prodh	equ	0xFF4
   617                           prodl	equ	0xFF3
   618                           indf0	equ	0xFEF
   619                           postinc0	equ	0xFEE
   620                           postdec0	equ	0xFED
   621                           preinc0	equ	0xFEC
   622                           plusw0	equ	0xFEB
   623                           fsr0h	equ	0xFEA
   624                           fsr0l	equ	0xFE9
   625                           wreg	equ	0xFE8
   626                           indf1	equ	0xFE7
   627                           postinc1	equ	0xFE6
   628                           postdec1	equ	0xFE5
   629                           preinc1	equ	0xFE4
   630                           plusw1	equ	0xFE3
   631                           fsr1h	equ	0xFE2
   632                           fsr1l	equ	0xFE1
   633                           bsr	equ	0xFE0
   634                           indf2	equ	0xFDF
   635                           postinc2	equ	0xFDE
   636                           postdec2	equ	0xFDD
   637                           preinc2	equ	0xFDC
   638                           plusw2	equ	0xFDB
   639                           fsr2h	equ	0xFDA
   640                           fsr2l	equ	0xFD9
   641                           status	equ	0xFD8

Data Sizes:
    Strings     0
    Constant    0
    Data        2
    BSS         0
    Persistent  0
    Stack       0

Auto Spaces:
    Space          Size  Autos    Used
    COMRAM          126      5       7
    BANK0           128      0       0
    BANK1           256      0       0
    BANK2           256      0       0
    BANK3           256      0       0
    BANK4           256      0       0
    BANK5           244      0       0

Pointer List with Targets:

    None.

Critical Paths under _main in COMRAM

    None.

Critical Paths under _H_ISR in COMRAM

    None.

Critical Paths under _main in BANK0

    None.

Critical Paths under _H_ISR in BANK0

    None.

Critical Paths under _main in BANK1

    None.

Critical Paths under _H_ISR in BANK1

    None.

Critical Paths under _main in BANK2

    None.

Critical Paths under _H_ISR in BANK2

    None.

Critical Paths under _main in BANK3

    None.

Critical Paths under _H_ISR in BANK3

    None.

Critical Paths under _main in BANK4

    None.

Critical Paths under _H_ISR in BANK4

    None.

Critical Paths under _main in BANK5

    None.

Critical Paths under _H_ISR in BANK5

    None.

Call Graph Tables:

 ---------------------------------------------------------------------------------
 (Depth) Function   	        Calls       Base Space   Used Autos Params    Refs
 ---------------------------------------------------------------------------------
 (0) _main                                                 0     0      0       0
 ---------------------------------------------------------------------------------
 Estimated maximum stack depth 0
 ---------------------------------------------------------------------------------
 (Depth) Function   	        Calls       Base Space   Used Autos Params    Refs
 ---------------------------------------------------------------------------------
 (1) _H_ISR                                                5     5      0       0
                                              0 COMRAM     5     5      0
 ---------------------------------------------------------------------------------
 Estimated maximum stack depth 1
 ---------------------------------------------------------------------------------

 Call Graph Graphs:

 _main (ROOT)

 _H_ISR (ROOT)

 Address spaces:
Name               Size   Autos  Total    Cost      Usage
BIGRAM             5F3      0       0      28        0.0%
EEDATA             100      0       0       0        0.0%
BITBANK4           100      0       0      11        0.0%
BANK4              100      0       0      12        0.0%
BITBANK3           100      0       0       9        0.0%
BANK3              100      0       0      10        0.0%
BITBANK2           100      0       0       7        0.0%
BANK2              100      0       0       8        0.0%
BITBANK1           100      0       0       5        0.0%
BANK1              100      0       0       6        0.0%
BITBANK5            F4      0       0      13        0.0%
BANK5               F4      0       0      14        0.0%
BITBANK0            80      0       0       3        0.0%
BANK0               80      0       0       4        0.0%
BITCOMRAM           7E      0       0       0        0.0%
COMRAM              7E      5       7       1        5.6%
BITBIGSFR_1l        20      0       0      23        0.0%
BITBIGSFRll          B      0       0      26        0.0%
BITBIGSFR_5h         A      0       0      15        0.0%
BITBIGSFR_1hhl       8      0       0      21        0.0%
BITBIGSFRlh          7      0       0      25        0.0%
BITBIGSFR_1hhh       7      0       0      20        0.0%
BITBIGSFRh           7      0       0      24        0.0%
BITBIGSFR_2          6      0       0      19        0.0%
BITBIGSFR_4          3      0       0      17        0.0%
BITBIGSFR_3          3      0       0      18        0.0%
BITBIGSFR_1hl        2      0       0      22        0.0%
BITBIGSFR_5l         2      0       0      16        0.0%
BIGSFR_5             0      0       0     200        0.0%
BIGSFR_4             0      0       0     200        0.0%
BIGSFR_3             0      0       0     200        0.0%
BIGSFR_2             0      0       0     200        0.0%
BIGSFR_1             0      0       0     200        0.0%
BIGSFR               0      0       0     200        0.0%
BITSFR_5             0      0       0     200        0.0%
SFR_5                0      0       0     200        0.0%
BITSFR_4             0      0       0     200        0.0%
SFR_4                0      0       0     200        0.0%
BITSFR_3             0      0       0     200        0.0%
SFR_3                0      0       0     200        0.0%
BITSFR_2             0      0       0     200        0.0%
SFR_2                0      0       0     200        0.0%
BITSFR_1             0      0       0     200        0.0%
SFR_1                0      0       0     200        0.0%
BITSFR               0      0       0     200        0.0%
SFR                  0      0       0     200        0.0%
STACK                0      0       0       2        0.0%
NULL                 0      0       0       0        0.0%
ABS                  0      0       7      27        0.0%
DATA                 0      0       7      29        0.0%
CODE                 0      0       0       0        0.0%


Microchip Technology PIC18 Macro Assembler V2.45 build 20230818022343 
Symbol Table                                                                                   Thu Nov 30 11:55:14 2023

                     l54 07C0                       l55 07C0                      l771 0784  
                    l773 0788                      l775 078A                      l777 078C  
                    l779 0792                      _GIE 7F97                      _PR2 0FCB  
                    wreg 0FE8                     _LATC 0F8B                     i2l41 0772  
                   i2l49 0778                     _main 0784                     btemp 0008  
                   prodh 0FF4                     prodl 0FF3                     start 000E  
           ___param_bank 0000                    ?_main 0001                    i2l741 063C  
                  i2l733 060C                    i2l751 06BE                    i2l743 0656  
                  i2l735 061E                    i2l761 0702                    i2l745 065E  
                  i2l737 0632                    i2l753 06CA                    i2l763 070A  
                  i2l755 06DE                    i2l739 0636                    i2l757 06E2  
                  i2l749 0690                    i2l767 073C                    i2l759 06E8  
                  i2l769 076A                    _H_ISR 0008                    _TRISB 0F93  
                  _TRISC 0F94                    tablat 0FF5                    ttemp5 0009  
                  ttemp6 000C                    ttemp7 0010                    status 0FD8  
                  wtemp8 0009          __initialization 07C8             __end_of_main 07C8  
                 ??_main 0006            __activetblptr 0000                   ?_H_ISR 0001  
                 _ADCON1 0FC1                   _CCPR1L 0FBE                   _INT0IE 7F94  
                 _INT0IF 7F91                   i2u1_40 061E                   i2u1_41 061A  
                 i2u2_40 0632                   i2u2_41 062E                   i2u3_40 068C  
                 i2u3_41 0688                   i2u4_40 06BE                   i2u4_41 06BA  
                 i2u5_40 06DE                   i2u5_41 06DA                   i2u6_40 0738  
                 i2u6_41 0734                   i2u7_40 076A                   i2u7_41 0766  
                 i2u8_47 0658                   i2u9_47 0704                   isa$std 0001  
           __pdataCOMRAM 0006             __mediumconst 0000                   tblptrh 0FF7  
                 tblptrl 0FF6                   tblptru 0FF8               __accesstop 0080  
__end_of__initialization 07E0            ___rparam_used 0001            __end_of_H_ISR 0784  
         __pcstackCOMRAM 0001                  ??_H_ISR 0001                  __Hparam 0000  
                __Lparam 0000             __psmallconst 0600                  __pcinit 07C8  
                __ramtop 0600                  __ptext0 0784                _T2CONbits 0FCA  
         __pintcode_body 0602     end_of_initialization 07E0                  int_func 0602  
            _CCP1CONbits 0FBD            __pidataCOMRAM 07EA      start_initialization 07C8  
              __pintcode 0008              __smallconst 0600                 __Hrparam 0000  
               __Lrparam 0000              _is_going_up 0006                 isa$xinst 0000  
               int$flags 0008                 intlevel2 0000               _OSCCONbits 0FD3  
