Warning[205] C:\USERS\TEDDY\MPLABXPROJECTS\LAB6.X\6-3.ASM 1 : Found directive in column 1. (LIST)
Warning[207] C:\USERS\TEDDY\MPLABXPROJECTS\LAB6.X\6-3.ASM 7 : Found label after column 1. (L1)
Warning[207] C:\USERS\TEDDY\MPLABXPROJECTS\LAB6.X\6-3.ASM 8 : Found label after column 1. (L2)
Warning[205] C:\USERS\TEDDY\MPLABXPROJECTS\LAB6.X\6-3.ASM 32 : Found directive in column 1. (endm)
Warning[205] C:\USERS\TEDDY\MPLABXPROJECTS\LAB6.X\6-3.ASM 55 : Found directive in column 1. (endm)
Warning[203] C:\USERS\TEDDY\MPLABXPROJECTS\LAB6.X\6-3.ASM 59 : Found opcode in column 1. (MOVLW)
Warning[203] C:\USERS\TEDDY\MPLABXPROJECTS\LAB6.X\6-3.ASM 60 : Found opcode in column 1. (MOVWF)
Warning[203] C:\USERS\TEDDY\MPLABXPROJECTS\LAB6.X\6-3.ASM 61 : Found opcode in column 1. (CLRF)
Warning[203] C:\USERS\TEDDY\MPLABXPROJECTS\LAB6.X\6-3.ASM 62 : Found opcode in column 1. (BSF)
Warning[203] C:\USERS\TEDDY\MPLABXPROJECTS\LAB6.X\6-3.ASM 63 : Found opcode in column 1. (CLRF)
Warning[203] C:\USERS\TEDDY\MPLABXPROJECTS\LAB6.X\6-3.ASM 64 : Found opcode in column 1. (BCF)
Warning[203] C:\USERS\TEDDY\MPLABXPROJECTS\LAB6.X\6-3.ASM 65 : Found opcode in column 1. (BCF)
Warning[203] C:\USERS\TEDDY\MPLABXPROJECTS\LAB6.X\6-3.ASM 66 : Found opcode in column 1. (BCF)
Warning[203] C:\USERS\TEDDY\MPLABXPROJECTS\LAB6.X\6-3.ASM 67 : Found opcode in column 1. (BCF)
Warning[203] C:\USERS\TEDDY\MPLABXPROJECTS\LAB6.X\6-3.ASM 68 : Found opcode in column 1. (BCF)
Warning[203] C:\USERS\TEDDY\MPLABXPROJECTS\LAB6.X\6-3.ASM 71 : Found opcode in column 1. (LFSR)
Warning[207] C:\USERS\TEDDY\MPLABXPROJECTS\LAB6.X\6-3.ASM 19 : Found label after column 1. (LOOP2)
Warning[207] C:\USERS\TEDDY\MPLABXPROJECTS\LAB6.X\6-3.ASM 22 : Found label after column 1. (LOOP1)
Warning[207] C:\USERS\TEDDY\MPLABXPROJECTS\LAB6.X\6-3.ASM 89 : Found label after column 1. (is_final_state)
Warning[207] C:\USERS\TEDDY\MPLABXPROJECTS\LAB6.X\6-3.ASM 94 : Found label after column 1. (lightup_1)
Warning[207] C:\USERS\TEDDY\MPLABXPROJECTS\LAB6.X\6-3.ASM 38 : Found label after column 1. (LOOP2)
Warning[207] C:\USERS\TEDDY\MPLABXPROJECTS\LAB6.X\6-3.ASM 43 : Found label after column 1. (LOOP1)
Warning[207] C:\USERS\TEDDY\MPLABXPROJECTS\LAB6.X\6-3.ASM 102 : Found label after column 1. (is_last_1)
Warning[207] C:\USERS\TEDDY\MPLABXPROJECTS\LAB6.X\6-3.ASM 38 : Found label after column 1. (LOOP2)
Warning[207] C:\USERS\TEDDY\MPLABXPROJECTS\LAB6.X\6-3.ASM 43 : Found label after column 1. (LOOP1)
Warning[207] C:\USERS\TEDDY\MPLABXPROJECTS\LAB6.X\6-3.ASM 108 : Found label after column 1. (lightup_2)
Warning[207] C:\USERS\TEDDY\MPLABXPROJECTS\LAB6.X\6-3.ASM 38 : Found label after column 1. (LOOP2)
Warning[207] C:\USERS\TEDDY\MPLABXPROJECTS\LAB6.X\6-3.ASM 43 : Found label after column 1. (LOOP1)
Warning[207] C:\USERS\TEDDY\MPLABXPROJECTS\LAB6.X\6-3.ASM 116 : Found label after column 1. (is_last_2)
Warning[207] C:\USERS\TEDDY\MPLABXPROJECTS\LAB6.X\6-3.ASM 38 : Found label after column 1. (LOOP2)
Warning[207] C:\USERS\TEDDY\MPLABXPROJECTS\LAB6.X\6-3.ASM 43 : Found label after column 1. (LOOP1)
Warning[205] C:\USERS\TEDDY\MPLABXPROJECTS\LAB6.X\6-3.ASM 120 : Found directive in column 1. (end)
